PRT1
159
446
4 0 23 (1186 1024 539.405029 ) (1120 1024 539.405029 ) (1120 1024 -404 ) (1186 1024 -404 ) 
4 0 7 (1186 1024 -404 ) (1120 1024 -404 ) (1120 1088 -404 ) (1186 1088 -404 ) 
4 0 5 (1120 1088 -404 ) (1120 1136 -404 ) (1186 1136 -404 ) (1186 1088 -404 ) 
4 0 4 (1120 1136 -404 ) (1120 1196 -404 ) (1186 1196 -404 ) (1186 1136 -404 ) 
4 0 2 (1120 1024 464 ) (1120 1024 539.405029 ) (1120 1136 539.405029 ) (1120 1136 464 ) 
4 0 1 (1120 1196 -404 ) (1120 1136 -404 ) (1120 1136 539.405029 ) (1120 1196 539.405029 ) 
4 1 12 (1024 1196 -404 ) (1024 1136 -404 ) (1024 1136 539.405029 ) (1024 1196 539.405029 ) 
4 1 4 (1024 1136 -404 ) (1024 1196 -404 ) (1120 1196 -404 ) (1120 1136 -404 ) 
4 1 2 (1120 1136 464 ) (1120 1136 539.405029 ) (1024 1136 539.405029 ) (1024 1136 464 ) 
4 2 24 (1024 1024 539.405029 ) (1024 1024 464 ) (1120 1024 464 ) (1120 1024 539.405029 ) 
4 2 15 (1024 1024 464 ) (1024 1024 539.405029 ) (1024 1088 539.405029 ) (1024 1088 464 ) 
4 2 13 (1024 1088 539.405029 ) (1024 1136 539.405029 ) (1024 1136 464 ) (1024 1088 464 ) 
4 3 25 (1024 1024 416 ) (1024 1024 -404 ) (1072 1024 -404 ) (1072 1024 416 ) 
4 3 16 (1024 1024 -404 ) (1024 1024 416 ) (1024 1088 416 ) (1024 1088 -404 ) 
4 3 9 (1035 1024 -404 ) (1024 1024 -404 ) (1024 1088 -404 ) (1035 1088 -404 ) 
4 3 8 (1072 1024 -404 ) (1035 1024 -404 ) (1035 1088 -404 ) (1072 1088 -404 ) 
4 4 17 (1024 1136 -404 ) (1024 1196 -404 ) (1024 1196 -545.405029 ) (1024 1136 -545.405029 ) 
4 4 6 (1024 1136 -545.405029 ) (1120 1136 -545.405029 ) (1120 1136 -464 ) (1024 1136 -464 ) 
4 4 5 (1120 1136 -545.405029 ) (1186 1136 -545.405029 ) (1186 1136 -404 ) (1120 1136 -404 ) 
4 5 10 (1120 1088 -545.405029 ) (1186 1088 -545.405029 ) (1186 1088 -416 ) (1120 1088 -416 ) 
4 5 7 (1186 1088 -416 ) (1186 1088 -404 ) (1120 1088 -404 ) (1120 1088 -416 ) 
4 5 6 (1120 1136 -464 ) (1120 1136 -545.405029 ) (1120 1088 -545.405029 ) (1120 1088 -464 ) 
4 6 19 (1024 1136 -464 ) (1024 1136 -545.405029 ) (1024 1088 -545.405029 ) (1024 1088 -464 ) 
4 6 11 (1024 1088 -545.405029 ) (1120 1088 -545.405029 ) (1120 1088 -464 ) (1024 1088 -464 ) 
4 7 26 (1186 1024 -404 ) (1120 1024 -404 ) (1120 1024 -416 ) (1186 1024 -416 ) 
4 7 10 (1120 1088 -416 ) (1186 1088 -416 ) (1186 1024 -416 ) (1120 1024 -416 ) 
4 8 27 (1072 1024 -404 ) (1035 1024 -404 ) (1035 1024 -416 ) (1072 1024 -416 ) 
4 8 9 (1035 1088 -404 ) (1035 1088 -416 ) (1035 1024 -416 ) (1035 1024 -404 ) 
4 9 28 (1035 1024 -404 ) (1024 1024 -404 ) (1024 1024 -416 ) (1035 1024 -416 ) 
4 9 20 (1024 1024 -416 ) (1024 1024 -404 ) (1024 1088 -404 ) (1024 1088 -416 ) 
4 10 30 (1186 1024 -416 ) (1120 1024 -416 ) (1120 1024 -545.405029 ) (1186 1024 -545.405029 ) 
4 10 11 (1120 1088 -464 ) (1120 1088 -545.405029 ) (1120 1024 -545.405029 ) (1120 1024 -464 ) 
4 11 31 (1024 1024 -464 ) (1024 1024 -545.405029 ) (1120 1024 -545.405029 ) (1120 1024 -464 ) 
4 11 22 (1024 1024 -545.405029 ) (1024 1024 -464 ) (1024 1088 -464 ) (1024 1088 -545.405029 ) 
4 12 43 (0 1196 -404 ) (0 1136 -404 ) (0 1136 539.405029 ) (0 1196 539.405029 ) 
4 12 17 (1024 1196 -404 ) (1024 1136 -404 ) (0 1136 -404 ) (0 1196 -404 ) 
4 12 14 (584 1136 -336 ) (656 1136 -336 ) (656 1136 -326 ) (584 1136 -326 ) 
4 12 13 (0 1136 539.405029 ) (0 1136 464 ) (1024 1136 464 ) (1024 1136 539.405029 ) 
4 13 44 (0 1136 539.405029 ) (0 1136 464 ) (0 1088 464 ) (0 1088 539.405029 ) 
4 13 15 (1024 1088 464 ) (1024 1088 539.405029 ) (0 1088 539.405029 ) (0 1088 464 ) 
4 14 16 (584 1088 -336 ) (656 1088 -336 ) (656 1088 -326 ) (584 1088 -326 ) 
4 15 46 (0 1024 464 ) (0 1024 539.405029 ) (0 1088 539.405029 ) (0 1088 464 ) 
4 15 32 (1024 1024 464 ) (1024 1024 539.405029 ) (0 1024 539.405029 ) (0 1024 464 ) 
4 16 47 (0 1024 -404 ) (0 1024 416 ) (0 1088 416 ) (0 1088 -404 ) 
4 16 35 (224 1024 -398 ) (0 1024 -398 ) (0 1024 -404 ) (224 1024 -404 ) 
4 16 34 (1024 1024 -404 ) (1024 1024 -398 ) (224 1024 -398 ) (224 1024 -404 ) 
4 16 33 (1024 1024 -398 ) (1024 1024 416 ) (0 1024 416 ) (0 1024 -398 ) 
4 16 21 (843 1024 -404 ) (0 1024 -404 ) (0 1088 -404 ) (843 1088 -404 ) 
4 16 20 (1024 1088 -404 ) (1024 1024 -404 ) (843 1024 -404 ) (843 1088 -404 ) 
4 17 49 (0 1136 -545.405029 ) (0 1136 -404 ) (0 1196 -404 ) (0 1196 -545.405029 ) 
4 17 19 (1024 1136 -545.405029 ) (1024 1136 -464 ) (0 1136 -464 ) (0 1136 -545.405029 ) 
4 17 18 (32 1136 -416 ) (32 1136 -464 ) (584 1136 -464 ) (584 1136 -416 ) 
4 18 19 (584 1088 -464 ) (32 1088 -464 ) (32 1136 -464 ) (584 1136 -464 ) 
4 19 50 (0 1088 -545.405029 ) (0 1088 -464 ) (0 1136 -464 ) (0 1136 -545.405029 ) 
4 19 22 (0 1088 -464 ) (0 1088 -545.405029 ) (1024 1088 -545.405029 ) (1024 1088 -464 ) 
4 20 37 (1024 1024 -416 ) (1024 1024 -404 ) (843 1024 -404 ) (843 1024 -416 ) 
4 20 21 (843 1088 -404 ) (843 1088 -416 ) (843 1024 -416 ) (843 1024 -404 ) 
4 21 52 (0 1024 -416 ) (0 1024 -404 ) (0 1088 -404 ) (0 1088 -416 ) 
4 21 40 (224 1024 -404 ) (0 1024 -404 ) (0 1024 -416 ) (224 1024 -416 ) 
4 21 39 (843 1024 -404 ) (224 1024 -404 ) (224 1024 -416 ) (843 1024 -416 ) 
4 22 56 (0 1024 -545.405029 ) (0 1024 -464 ) (0 1088 -464 ) (0 1088 -545.405029 ) 
4 22 42 (1024 1024 -545.405029 ) (1024 1024 -464 ) (0 1024 -464 ) (0 1024 -545.405029 ) 
4 23 74 (1186 0 539.405029 ) (1120 0 539.405029 ) (1120 0 -404 ) (1186 0 -404 ) 
4 23 26 (1186 0 -404 ) (1120 0 -404 ) (1120 1024 -404 ) (1186 1024 -404 ) 
4 23 24 (1120 1024 539.405029 ) (1120 1024 464 ) (1120 0 464 ) (1120 0 539.405029 ) 
4 24 75 (1024 0 539.405029 ) (1024 0 464 ) (1120 0 464 ) (1120 0 539.405029 ) 
4 24 32 (1024 1024 539.405029 ) (1024 1024 464 ) (1024 0 464 ) (1024 0 539.405029 ) 
4 25 76 (1024 0 416 ) (1024 0 -404 ) (1072 0 -404 ) (1072 0 416 ) 
4 25 34 (1024 1024 -398 ) (1024 1024 -404 ) (1024 0 -404 ) (1024 0 -398 ) 
4 25 33 (1024 1024 416 ) (1024 1024 -398 ) (1024 0 -398 ) (1024 0 416 ) 
4 25 29 (1035 0 -404 ) (1024 0 -404 ) (1024 1008 -404 ) (1035 1008 -404 ) 
4 25 28 (1024 1008 -404 ) (1024 1024 -404 ) (1035 1024 -404 ) (1035 1008 -404 ) 
4 25 27 (1072 0 -404 ) (1035 0 -404 ) (1035 1024 -404 ) (1072 1024 -404 ) 
4 26 74 (1186 0 -404 ) (1120 0 -404 ) (1120 0 -416 ) (1186 0 -416 ) 
4 26 30 (1120 1024 -416 ) (1186 1024 -416 ) (1186 0 -416 ) (1120 0 -416 ) 
4 27 76 (1072 0 -404 ) (1035 0 -404 ) (1035 0 -416 ) (1072 0 -416 ) 
4 27 29 (1035 1008 -416 ) (1035 0 -416 ) (1035 0 -404 ) (1035 1008 -404 ) 
4 27 28 (1035 1024 -416 ) (1035 1008 -416 ) (1035 1008 -404 ) (1035 1024 -404 ) 
4 28 37 (1024 1024 -404 ) (1024 1024 -416 ) (1024 1008 -416 ) (1024 1008 -404 ) 
4 28 29 (1024 1008 -416 ) (1035 1008 -416 ) (1035 1008 -404 ) (1024 1008 -404 ) 
4 29 76 (1035 0 -404 ) (1024 0 -404 ) (1024 0 -416 ) (1035 0 -416 ) 
4 29 38 (1024 1008 -416 ) (1024 0 -416 ) (1024 0 -404 ) (1024 1008 -404 ) 
4 30 74 (1186 0 -416 ) (1120 0 -416 ) (1120 0 -545.405029 ) (1186 0 -545.405029 ) 
4 30 31 (1120 1024 -545.405029 ) (1120 0 -545.405029 ) (1120 0 -464 ) (1120 1024 -464 ) 
4 31 77 (1024 0 -464 ) (1024 0 -545.405029 ) (1120 0 -545.405029 ) (1120 0 -464 ) 
4 31 42 (1024 1024 -464 ) (1024 1024 -545.405029 ) (1024 0 -545.405029 ) (1024 0 -464 ) 
4 32 78 (1024 0 464 ) (1024 0 539.405029 ) (0 0 539.405029 ) (0 0 464 ) 
4 32 58 (0 0 464 ) (0 0 539.405029 ) (0 1024 539.405029 ) (0 1024 464 ) 
4 33 84 (32 0 96 ) (0 0 96 ) (0 0 -398 ) (32 0 -398 ) 
4 33 83 (1024 0 -398 ) (1024 0 96 ) (32 0 96 ) (32 0 -398 ) 
4 33 81 (272 0 186 ) (0 0 186 ) (0 0 96 ) (272 0 96 ) 
4 33 80 (1024 0 96 ) (1024 0 186 ) (272 0 186 ) (272 0 96 ) 
4 33 79 (1024 0 186 ) (1024 0 416 ) (0 0 416 ) (0 0 186 ) 
4 33 59 (0 0 -398 ) (0 0 416 ) (0 1024 416 ) (0 1024 -398 ) 
4 33 36 (224 0 -398 ) (0 0 -398 ) (0 588 -398 ) (224 588 -398 ) 
4 33 35 (0 588 -398 ) (0 1024 -398 ) (224 1024 -398 ) (224 588 -398 ) 
4 33 34 (1024 0 -398 ) (224 0 -398 ) (224 1024 -398 ) (1024 1024 -398 ) 
4 34 87 (1024 0 -404 ) (1024 0 -398 ) (224 0 -398 ) (224 0 -404 ) 
4 34 39 (843 0 -404 ) (224 0 -404 ) (224 1024 -404 ) (843 1024 -404 ) 
4 34 38 (1024 1008 -404 ) (1024 0 -404 ) (843 0 -404 ) (843 1008 -404 ) 
4 34 37 (1024 1024 -404 ) (1024 1008 -404 ) (843 1008 -404 ) (843 1024 -404 ) 
4 34 36 (224 588 -404 ) (224 0 -404 ) (224 0 -398 ) (224 588 -398 ) 
4 34 35 (224 1024 -404 ) (224 588 -404 ) (224 588 -398 ) (224 1024 -398 ) 
4 35 61 (0 588 -398 ) (0 1024 -398 ) (0 1024 -404 ) (0 588 -404 ) 
4 35 40 (0 588 -404 ) (0 1024 -404 ) (224 1024 -404 ) (224 588 -404 ) 
4 35 36 (0 588 -404 ) (224 588 -404 ) (224 588 -398 ) (0 588 -398 ) 
4 36 88 (224 0 -398 ) (0 0 -398 ) (0 0 -404 ) (224 0 -404 ) 
4 36 62 (0 0 -404 ) (0 0 -398 ) (0 588 -398 ) (0 588 -404 ) 
4 36 41 (224 0 -404 ) (0 0 -404 ) (0 588 -404 ) (224 588 -404 ) 
4 37 39 (843 1024 -416 ) (843 1008 -416 ) (843 1008 -404 ) (843 1024 -404 ) 
4 37 38 (843 1008 -404 ) (843 1008 -416 ) (1024 1008 -416 ) (1024 1008 -404 ) 
4 38 87 (1024 0 -416 ) (1024 0 -404 ) (843 0 -404 ) (843 0 -416 ) 
4 38 39 (843 1008 -416 ) (843 0 -416 ) (843 0 -404 ) (843 1008 -404 ) 
4 39 87 (843 0 -404 ) (224 0 -404 ) (224 0 -416 ) (843 0 -416 ) 
4 39 41 (224 588 -416 ) (224 0 -416 ) (224 0 -404 ) (224 588 -404 ) 
4 39 40 (224 1024 -416 ) (224 588 -416 ) (224 588 -404 ) (224 1024 -404 ) 
4 40 65 (0 588 -404 ) (0 1024 -404 ) (0 1024 -416 ) (0 588 -416 ) 
4 40 41 (0 588 -416 ) (224 588 -416 ) (224 588 -404 ) (0 588 -404 ) 
4 41 88 (224 0 -404 ) (0 0 -404 ) (0 0 -416 ) (224 0 -416 ) 
4 41 66 (0 0 -416 ) (0 0 -404 ) (0 588 -404 ) (0 588 -416 ) 
4 42 100 (1024 0 -545.405029 ) (1024 0 -464 ) (0 0 -464 ) (0 0 -545.405029 ) 
4 42 72 (0 0 -545.405029 ) (0 0 -464 ) (0 1024 -464 ) (0 1024 -545.405029 ) 
4 43 49 (0 1196 -404 ) (0 1136 -404 ) (-960 1136 -404 ) (-960 1196 -404 ) 
4 43 48 (-960 1196 -404 ) (-960 1136 -404 ) (-960 1136 539.405029 ) (-960 1196 539.405029 ) 
4 43 45 (-960 1136 416 ) (-960 1136 -336 ) (-912 1136 -336 ) (-912 1136 416 ) 
4 43 44 (-960 1136 539.405029 ) (-960 1136 464 ) (0 1136 464 ) (0 1136 539.405029 ) 
4 44 48 (-960 1088 464 ) (-960 1088 539.405029 ) (-960 1136 539.405029 ) (-960 1136 464 ) 
4 44 46 (-960 1088 539.405029 ) (-960 1088 464 ) (0 1088 464 ) (0 1088 539.405029 ) 
4 45 48 (-960 1088 -336 ) (-960 1088 416 ) (-960 1136 416 ) (-960 1136 -336 ) 
4 46 58 (0 1024 464 ) (0 1024 539.405029 ) (-960 1024 539.405029 ) (-960 1024 464 ) 
4 46 48 (-960 1024 464 ) (-960 1024 539.405029 ) (-960 1088 539.405029 ) (-960 1088 464 ) 
4 47 63 (-32 1024 -398 ) (-912 1024 -398 ) (-912 1024 -404 ) (-32 1024 -404 ) 
4 47 61 (0 1024 -404 ) (0 1024 -398 ) (-32 1024 -398 ) (-32 1024 -404 ) 
4 47 59 (0 1024 -398 ) (0 1024 416 ) (-912 1024 416 ) (-912 1024 -398 ) 
4 47 54 (-865 1024 -404 ) (-912 1024 -404 ) (-912 1088 -404 ) (-865 1088 -404 ) 
4 47 53 (-673 1024 -404 ) (-865 1024 -404 ) (-865 1088 -404 ) (-673 1088 -404 ) 
4 47 52 (0 1088 -404 ) (0 1024 -404 ) (-673 1024 -404 ) (-673 1088 -404 ) 
4 48 64 (-1020 1024 -398 ) (-1020 1024 -404 ) (-960 1024 -404 ) (-960 1024 -398 ) 
4 48 60 (-960 1024 539.405029 ) (-1020 1024 539.405029 ) (-1020 1024 -398 ) (-960 1024 -398 ) 
4 48 55 (-960 1088 -404 ) (-960 1024 -404 ) (-1020 1024 -404 ) (-1020 1088 -404 ) 
4 48 51 (-960 1136 -404 ) (-960 1088 -404 ) (-1020 1088 -404 ) (-1020 1136 -404 ) 
4 48 49 (-960 1196 -404 ) (-960 1136 -404 ) (-1020 1136 -404 ) (-1020 1196 -404 ) 
4 49 50 (-960 1136 -545.405029 ) (0 1136 -545.405029 ) (0 1136 -464 ) (-960 1136 -464 ) 
4 49 51 (-1020 1136 -404 ) (-1020 1136 -545.405029 ) (-960 1136 -545.405029 ) (-960 1136 -404 ) 
4 50 56 (-960 1088 -545.405029 ) (0 1088 -545.405029 ) (0 1088 -464 ) (-960 1088 -464 ) 
4 50 51 (-960 1136 -464 ) (-960 1136 -545.405029 ) (-960 1088 -545.405029 ) (-960 1088 -464 ) 
4 51 57 (-1020 1088 -545.405029 ) (-960 1088 -545.405029 ) (-960 1088 -416 ) (-1020 1088 -416 ) 
4 51 55 (-960 1088 -416 ) (-960 1088 -404 ) (-1020 1088 -404 ) (-1020 1088 -416 ) 
4 52 67 (-32 1024 -404 ) (-673 1024 -404 ) (-673 1024 -416 ) (-32 1024 -416 ) 
4 52 65 (0 1024 -416 ) (0 1024 -404 ) (-32 1024 -404 ) (-32 1024 -416 ) 
4 52 53 (-673 1088 -404 ) (-673 1088 -416 ) (-673 1024 -416 ) (-673 1024 -404 ) 
4 53 68 (-673 1024 -404 ) (-865 1024 -404 ) (-865 1024 -416 ) (-673 1024 -416 ) 
4 53 54 (-865 1088 -404 ) (-865 1088 -416 ) (-865 1024 -416 ) (-865 1024 -404 ) 
4 54 70 (-865 1024 -404 ) (-912 1024 -404 ) (-912 1024 -416 ) (-865 1024 -416 ) 
4 55 71 (-960 1024 -404 ) (-1020 1024 -404 ) (-1020 1024 -416 ) (-960 1024 -416 ) 
4 55 57 (-960 1024 -416 ) (-1020 1024 -416 ) (-1020 1088 -416 ) (-960 1088 -416 ) 
4 56 72 (0 1024 -545.405029 ) (0 1024 -464 ) (-960 1024 -464 ) (-960 1024 -545.405029 ) 
4 56 57 (-960 1088 -464 ) (-960 1088 -545.405029 ) (-960 1024 -545.405029 ) (-960 1024 -464 ) 
4 57 73 (-960 1024 -416 ) (-1020 1024 -416 ) (-1020 1024 -545.405029 ) (-960 1024 -545.405029 ) 
4 58 118 (0 0 464 ) (0 0 539.405029 ) (-960 0 539.405029 ) (-960 0 464 ) 
4 58 60 (-960 1024 539.405029 ) (-960 1024 464 ) (-960 0 464 ) (-960 0 539.405029 ) 
4 59 125 (0 0 -398 ) (0 0 96 ) (-912 0 96 ) (-912 0 -398 ) 
4 59 122 (0 0 96 ) (0 0 186 ) (-66 0 186 ) (-66 0 96 ) 
4 59 124 (-66 0 186 ) (-912 0 186 ) (-912 0 96 ) (-66 0 96 ) 
4 59 120 (0 0 186 ) (0 0 416 ) (-912 0 416 ) (-912 0 186 ) 
4 59 63 (-32 0 -398 ) (-912 0 -398 ) (-912 1024 -398 ) (-32 1024 -398 ) 
4 59 62 (0 588 -398 ) (0 0 -398 ) (-32 0 -398 ) (-32 588 -398 ) 
4 59 61 (0 1024 -398 ) (0 588 -398 ) (-32 588 -398 ) (-32 1024 -398 ) 
4 60 128 (-1020 0 -398 ) (-960 0 -398 ) (-960 0 186 ) (-1020 0 186 ) 
4 60 121 (-960 0 186 ) (-960 0 416 ) (-1020 0 416 ) (-1020 0 186 ) 
4 60 119 (-960 0 416 ) (-960 0 539.405029 ) (-1020 0 539.405029 ) (-1020 0 416 ) 
4 60 64 (-960 0 -398 ) (-1020 0 -398 ) (-1020 1024 -398 ) (-960 1024 -398 ) 
4 61 65 (-32 588 -404 ) (-32 1024 -404 ) (0 1024 -404 ) (0 588 -404 ) 
4 61 63 (-32 1024 -404 ) (-32 588 -404 ) (-32 588 -398 ) (-32 1024 -398 ) 
4 61 62 (-32 588 -398 ) (-32 588 -404 ) (0 588 -404 ) (0 588 -398 ) 
4 62 129 (0 0 -404 ) (0 0 -398 ) (-32 0 -398 ) (-32 0 -404 ) 
4 62 66 (0 0 -404 ) (-32 0 -404 ) (-32 588 -404 ) (0 588 -404 ) 
4 62 63 (-32 588 -404 ) (-32 0 -404 ) (-32 0 -398 ) (-32 588 -398 ) 
4 63 131 (-32 0 -398 ) (-912 0 -398 ) (-912 0 -404 ) (-32 0 -404 ) 
4 63 69 (-673 0 -404 ) (-865 0 -404 ) (-865 1008 -404 ) (-673 1008 -404 ) 
4 63 68 (-865 1008 -404 ) (-865 1024 -404 ) (-673 1024 -404 ) (-673 1008 -404 ) 
4 63 67 (-32 0 -404 ) (-673 0 -404 ) (-673 1024 -404 ) (-32 1024 -404 ) 
4 63 70 (-865 0 -404 ) (-912 0 -404 ) (-912 1024 -404 ) (-865 1024 -404 ) 
4 64 132 (-960 0 -398 ) (-1020 0 -398 ) (-1020 0 -404 ) (-960 0 -404 ) 
4 64 71 (-960 0 -404 ) (-1020 0 -404 ) (-1020 1024 -404 ) (-960 1024 -404 ) 
4 65 67 (-32 1024 -416 ) (-32 588 -416 ) (-32 588 -404 ) (-32 1024 -404 ) 
4 65 66 (-32 588 -404 ) (-32 588 -416 ) (0 588 -416 ) (0 588 -404 ) 
4 66 129 (0 0 -416 ) (0 0 -404 ) (-32 0 -404 ) (-32 0 -416 ) 
4 66 67 (-32 588 -416 ) (-32 0 -416 ) (-32 0 -404 ) (-32 588 -404 ) 
4 67 131 (-32 0 -404 ) (-673 0 -404 ) (-673 0 -416 ) (-32 0 -416 ) 
4 67 69 (-673 1008 -416 ) (-673 0 -416 ) (-673 0 -404 ) (-673 1008 -404 ) 
4 67 68 (-673 1024 -416 ) (-673 1008 -416 ) (-673 1008 -404 ) (-673 1024 -404 ) 
4 68 70 (-865 1024 -416 ) (-865 1008 -416 ) (-865 1008 -404 ) (-865 1024 -404 ) 
4 68 69 (-865 1008 -404 ) (-865 1008 -416 ) (-673 1008 -416 ) (-673 1008 -404 ) 
4 69 131 (-673 0 -404 ) (-865 0 -404 ) (-865 0 -416 ) (-673 0 -416 ) 
4 69 70 (-865 1008 -416 ) (-865 0 -416 ) (-865 0 -404 ) (-865 1008 -404 ) 
4 70 131 (-865 0 -404 ) (-912 0 -404 ) (-912 0 -416 ) (-865 0 -416 ) 
4 71 132 (-960 0 -404 ) (-1020 0 -404 ) (-1020 0 -416 ) (-960 0 -416 ) 
4 71 73 (-960 0 -416 ) (-1020 0 -416 ) (-1020 1024 -416 ) (-960 1024 -416 ) 
4 72 142 (0 0 -545.405029 ) (0 0 -464 ) (-960 0 -464 ) (-960 0 -545.405029 ) 
4 72 73 (-960 1024 -545.405029 ) (-960 0 -545.405029 ) (-960 0 -464 ) (-960 1024 -464 ) 
4 73 142 (-1020 0 -464 ) (-1020 0 -545.405029 ) (-960 0 -545.405029 ) (-960 0 -464 ) 
4 73 133 (-960 0 -416 ) (-1020 0 -416 ) (-1020 0 -464 ) (-960 0 -464 ) 
4 74 101 (1186 -1024 539.405029 ) (1120 -1024 539.405029 ) (1120 -1024 -545.405029 ) (1186 -1024 -545.405029 ) 
4 74 77 (1120 0 -464 ) (1120 0 -545.405029 ) (1120 -1024 -545.405029 ) (1120 -1024 -464 ) 
4 74 75 (1120 0 539.405029 ) (1120 0 464 ) (1120 -1024 464 ) (1120 -1024 539.405029 ) 
4 75 102 (1120 -1024 464 ) (1120 -1024 539.405029 ) (1024 -1024 539.405029 ) (1024 -1024 464 ) 
4 75 78 (1024 -1024 464 ) (1024 -1024 539.405029 ) (1024 0 539.405029 ) (1024 0 464 ) 
4 76 104 (1072 -1024 416 ) (1024 -1024 416 ) (1024 -1024 -416 ) (1072 -1024 -416 ) 
4 76 93 (1024 -1024 -416 ) (1024 -1024 -398 ) (1024 -544 -398 ) (1024 -544 -416 ) 
4 76 89 (1024 -544 -398 ) (1024 -478 -398 ) (1024 -478 -416 ) (1024 -544 -416 ) 
4 76 87 (1024 -478 -398 ) (1024 0 -398 ) (1024 0 -416 ) (1024 -478 -416 ) 
4 76 83 (1024 -1024 -398 ) (1024 -1024 96 ) (1024 0 96 ) (1024 0 -398 ) 
4 76 80 (1024 -1024 96 ) (1024 -1024 186 ) (1024 0 186 ) (1024 0 96 ) 
4 76 79 (1024 -1024 186 ) (1024 -1024 416 ) (1024 0 416 ) (1024 0 186 ) 
4 77 105 (1120 -1024 -545.405029 ) (1120 -1024 -464 ) (1024 -1024 -464 ) (1024 -1024 -545.405029 ) 
4 77 100 (1024 -1024 -545.405029 ) (1024 -1024 -464 ) (1024 0 -464 ) (1024 0 -545.405029 ) 
4 78 118 (0 0 539.405029 ) (0 0 464 ) (0 -1024 464 ) (0 -1024 539.405029 ) 
4 78 107 (1024 -1024 464 ) (1024 -1024 539.405029 ) (0 -1024 539.405029 ) (0 -1024 464 ) 
4 79 120 (0 0 416 ) (0 0 186 ) (0 -1024 186 ) (0 -1024 416 ) 
4 79 108 (1024 -1024 186 ) (1024 -1024 416 ) (0 -1024 416 ) (0 -1024 186 ) 
4 79 82 (0 -1024 186 ) (0 -750 186 ) (272 -750 186 ) (272 -1024 186 ) 
4 79 81 (0 -750 186 ) (0 0 186 ) (272 0 186 ) (272 -750 186 ) 
4 79 80 (272 0 186 ) (1024 0 186 ) (1024 -1024 186 ) (272 -1024 186 ) 
4 80 110 (1024 -1024 96 ) (1024 -1024 186 ) (272 -1024 186 ) (272 -1024 96 ) 
4 80 83 (272 0 96 ) (1024 0 96 ) (1024 -1024 96 ) (272 -1024 96 ) 
4 80 82 (272 -750 96 ) (272 -1024 96 ) (272 -1024 186 ) (272 -750 186 ) 
4 80 81 (272 0 96 ) (272 -750 96 ) (272 -750 186 ) (272 0 186 ) 
4 81 122 (0 0 186 ) (0 0 96 ) (0 -750 96 ) (0 -750 186 ) 
4 81 84 (0 -448 96 ) (0 0 96 ) (32 0 96 ) (32 -448 96 ) 
4 81 86 (0 -750 96 ) (0 -496 96 ) (32 -496 96 ) (32 -750 96 ) 
4 81 83 (32 0 96 ) (272 0 96 ) (272 -750 96 ) (32 -750 96 ) 
4 81 82 (0 -750 96 ) (272 -750 96 ) (272 -750 186 ) (0 -750 186 ) 
4 82 123 (0 -750 96 ) (0 -1024 96 ) (0 -1024 186 ) (0 -750 186 ) 
4 82 111 (272 -1024 186 ) (0 -1024 186 ) (0 -1024 96 ) (272 -1024 96 ) 
4 82 86 (0 -1024 96 ) (0 -750 96 ) (32 -750 96 ) (32 -1024 96 ) 
4 82 83 (32 -750 96 ) (272 -750 96 ) (272 -1024 96 ) (32 -1024 96 ) 
4 83 113 (320 -1024 96 ) (32 -1024 96 ) (32 -1024 -398 ) (320 -1024 -398 ) 
4 83 112 (1024 -1024 -398 ) (1024 -1024 96 ) (320 -1024 96 ) (320 -1024 -398 ) 
4 83 99 (592 -1024 -398 ) (320 -1024 -398 ) (320 -912 -398 ) (592 -912 -398 ) 
4 83 98 (32 -912 -398 ) (32 -608 -398 ) (592 -608 -398 ) (592 -912 -398 ) 
4 83 97 (32 -608 -398 ) (32 -544 -398 ) (207 -544 -398 ) (207 -608 -398 ) 
4 83 96 (207 -544 -398 ) (367 -544 -398 ) (367 -608 -398 ) (207 -608 -398 ) 
4 83 95 (367 -544 -398 ) (533 -544 -398 ) (533 -608 -398 ) (367 -608 -398 ) 
4 83 94 (533 -544 -398 ) (592 -544 -398 ) (592 -608 -398 ) (533 -608 -398 ) 
4 83 93 (1024 -1024 -398 ) (592 -1024 -398 ) (592 -544 -398 ) (1024 -544 -398 ) 
4 83 91 (146 -496 -398 ) (146 -544 -398 ) (36 -544 -398 ) (36 -496 -398 ) 
4 83 90 (36 -478 -398 ) (146 -478 -398 ) (146 -496 -398 ) (36 -496 -398 ) 
4 83 89 (146 -478 -398 ) (1024 -478 -398 ) (1024 -544 -398 ) (146 -544 -398 ) 
4 83 92 (32 -544 -398 ) (32 -478 -398 ) (36 -478 -398 ) (36 -544 -398 ) 
4 83 88 (32 -478 -398 ) (32 0 -398 ) (224 0 -398 ) (224 -478 -398 ) 
4 83 87 (224 0 -398 ) (1024 0 -398 ) (1024 -478 -398 ) (224 -478 -398 ) 
4 83 85 (32 -448 -398 ) (32 -496 -398 ) (32 -496 80 ) (32 -448 80 ) 
4 83 84 (32 0 -398 ) (32 -448 -398 ) (32 -448 96 ) (32 0 96 ) 
4 83 86 (32 -496 -398 ) (32 -1024 -398 ) (32 -1024 96 ) (32 -496 96 ) 
4 84 125 (0 0 96 ) (0 0 -398 ) (0 -448 -398 ) (0 -448 96 ) 
4 84 88 (0 -448 -398 ) (0 0 -398 ) (32 0 -398 ) (32 -448 -398 ) 
4 84 85 (0 -448 -398 ) (32 -448 -398 ) (32 -448 80 ) (0 -448 80 ) 
4 85 126 (0 -448 -398 ) (0 -496 -398 ) (0 -496 80 ) (0 -448 80 ) 
4 85 92 (0 -496 -398 ) (0 -478 -398 ) (32 -478 -398 ) (32 -496 -398 ) 
4 85 88 (0 -478 -398 ) (0 -448 -398 ) (32 -448 -398 ) (32 -478 -398 ) 
4 85 86 (0 -496 -398 ) (32 -496 -398 ) (32 -496 80 ) (0 -496 80 ) 
4 86 127 (0 -496 -398 ) (0 -1024 -398 ) (0 -1024 96 ) (0 -496 96 ) 
4 86 113 (32 -1024 96 ) (0 -1024 96 ) (0 -1024 -398 ) (32 -1024 -398 ) 
4 86 98 (0 -912 -398 ) (0 -608 -398 ) (32 -608 -398 ) (32 -912 -398 ) 
4 86 97 (0 -608 -398 ) (0 -544 -398 ) (32 -544 -398 ) (32 -608 -398 ) 
4 86 92 (0 -544 -398 ) (0 -496 -398 ) (32 -496 -398 ) (32 -544 -398 ) 
4 87 89 (224 -478 -416 ) (1024 -478 -416 ) (1024 -478 -398 ) (224 -478 -398 ) 
4 87 88 (224 0 -416 ) (224 -478 -416 ) (224 -478 -398 ) (224 0 -398 ) 
4 88 129 (0 0 -398 ) (0 0 -416 ) (0 -478 -416 ) (0 -478 -398 ) 
4 88 90 (36 -478 -416 ) (146 -478 -416 ) (146 -478 -398 ) (36 -478 -398 ) 
4 88 89 (146 -478 -416 ) (224 -478 -416 ) (224 -478 -398 ) (146 -478 -398 ) 
4 88 92 (0 -478 -416 ) (36 -478 -416 ) (36 -478 -398 ) (0 -478 -398 ) 
4 89 97 (207 -544 -398 ) (146 -544 -398 ) (146 -544 -416 ) (207 -544 -416 ) 
4 89 96 (367 -544 -398 ) (207 -544 -398 ) (207 -544 -400 ) (367 -544 -400 ) 
4 89 95 (533 -544 -398 ) (367 -544 -398 ) (367 -544 -416 ) (533 -544 -416 ) 
4 89 94 (592 -544 -398 ) (533 -544 -398 ) (533 -544 -400 ) (592 -544 -400 ) 
4 89 93 (1024 -544 -416 ) (1024 -544 -398 ) (592 -544 -398 ) (592 -544 -416 ) 
4 89 91 (146 -496 -416 ) (146 -544 -416 ) (146 -544 -398 ) (146 -496 -398 ) 
4 89 90 (146 -478 -398 ) (146 -478 -416 ) (146 -496 -416 ) (146 -496 -398 ) 
4 90 92 (36 -478 -398 ) (36 -478 -416 ) (36 -496 -416 ) (36 -496 -398 ) 
4 90 91 (36 -496 -398 ) (36 -496 -416 ) (146 -496 -416 ) (146 -496 -398 ) 
4 91 97 (146 -544 -398 ) (36 -544 -398 ) (36 -544 -416 ) (146 -544 -416 ) 
4 91 92 (36 -496 -416 ) (36 -544 -416 ) (36 -544 -398 ) (36 -496 -398 ) 
4 92 130 (0 -478 -416 ) (0 -544 -416 ) (0 -544 -398 ) (0 -478 -398 ) 
4 92 97 (36 -544 -398 ) (0 -544 -398 ) (0 -544 -416 ) (36 -544 -416 ) 
4 93 112 (1024 -1024 -416 ) (1024 -1024 -398 ) (592 -1024 -398 ) (592 -1024 -416 ) 
4 93 99 (592 -912 -416 ) (592 -1024 -416 ) (592 -1024 -398 ) (592 -912 -398 ) 
4 93 98 (592 -608 -416 ) (592 -912 -416 ) (592 -912 -398 ) (592 -608 -398 ) 
4 93 94 (592 -544 -398 ) (592 -544 -400 ) (592 -608 -400 ) (592 -608 -398 ) 
4 94 98 (592 -608 -400 ) (592 -608 -398 ) (533 -608 -398 ) (533 -608 -400 ) 
4 94 95 (533 -544 -398 ) (533 -544 -400 ) (533 -608 -400 ) (533 -608 -398 ) 
4 95 98 (533 -608 -416 ) (533 -608 -398 ) (367 -608 -398 ) (367 -608 -416 ) 
4 95 96 (367 -544 -398 ) (367 -544 -400 ) (367 -608 -400 ) (367 -608 -398 ) 
4 96 98 (367 -608 -400 ) (367 -608 -398 ) (207 -608 -398 ) (207 -608 -400 ) 
4 96 97 (207 -544 -398 ) (207 -544 -400 ) (207 -608 -400 ) (207 -608 -398 ) 
4 97 134 (0 -608 -416 ) (0 -608 -398 ) (0 -544 -398 ) (0 -544 -416 ) 
4 97 98 (207 -608 -416 ) (207 -608 -398 ) (0 -608 -398 ) (0 -608 -416 ) 
4 98 139 (0 -912 -416 ) (0 -912 -398 ) (0 -608 -398 ) (0 -608 -416 ) 
4 98 99 (592 -912 -416 ) (592 -912 -398 ) (320 -912 -398 ) (320 -912 -416 ) 
4 99 112 (592 -1024 -398 ) (320 -1024 -398 ) (320 -1024 -416 ) (592 -1024 -416 ) 
4 100 142 (0 0 -464 ) (0 0 -545.405029 ) (0 -1024 -545.405029 ) (0 -1024 -464 ) 
4 100 117 (1024 -1024 -545.405029 ) (1024 -1024 -464 ) (0 -1024 -464 ) (0 -1024 -545.405029 ) 
4 101 106 (1120 -1104 -545.405029 ) (1120 -1140 -545.405029 ) (1120 -1140 539.405029 ) (1120 -1104 539.405029 ) 
4 101 105 (1120 -1024 -545.405029 ) (1120 -1104 -545.405029 ) (1120 -1104 -464 ) (1120 -1024 -464 ) 
4 101 103 (1120 -1104 -416 ) (1120 -1104 416 ) (1120 -1056 416 ) (1120 -1056 -416 ) 
4 101 102 (1120 -1104 464 ) (1120 -1104 539.405029 ) (1120 -1024 539.405029 ) (1120 -1024 464 ) 
4 102 107 (1024 -1024 539.405029 ) (1024 -1024 464 ) (1024 -1104 464 ) (1024 -1104 539.405029 ) 
4 102 106 (1120 -1104 464 ) (1120 -1104 539.405029 ) (1024 -1104 539.405029 ) (1024 -1104 464 ) 
4 103 106 (1120 -1104 -416 ) (1120 -1104 416 ) (1072 -1104 416 ) (1072 -1104 -416 ) 
4 104 112 (1024 -1024 96 ) (1024 -1024 -416 ) (1024 -1056 -416 ) (1024 -1056 96 ) 
4 104 110 (1024 -1024 186 ) (1024 -1024 96 ) (1024 -1056 96 ) (1024 -1056 186 ) 
4 104 108 (1024 -1024 416 ) (1024 -1024 186 ) (1024 -1056 186 ) (1024 -1056 416 ) 
4 105 117 (1024 -1024 -464 ) (1024 -1024 -545.405029 ) (1024 -1104 -545.405029 ) (1024 -1104 -464 ) 
4 105 106 (1024 -1104 -545.405029 ) (1120 -1104 -545.405029 ) (1120 -1104 -464 ) (1024 -1104 -464 ) 
4 106 117 (1024 -1104 -545.405029 ) (1024 -1140 -545.405029 ) (1024 -1140 -464 ) (1024 -1104 -464 ) 
4 106 116 (1024 -1140 -464 ) (1024 -1140 186 ) (1024 -1104 186 ) (1024 -1104 -464 ) 
4 106 109 (1024 -1140 186 ) (1024 -1140 539.405029 ) (1024 -1104 539.405029 ) (1024 -1104 186 ) 
4 107 143 (0 -1104 539.405029 ) (0 -1024 539.405029 ) (0 -1024 464 ) (0 -1104 464 ) 
4 107 109 (1024 -1104 464 ) (1024 -1104 539.405029 ) (0 -1104 539.405029 ) (0 -1104 464 ) 
4 108 145 (0 -1024 416 ) (0 -1024 186 ) (0 -1056 186 ) (0 -1056 416 ) 
4 108 111 (272 -1056 186 ) (0 -1056 186 ) (0 -1024 186 ) (272 -1024 186 ) 
4 108 110 (1024 -1024 186 ) (1024 -1056 186 ) (272 -1056 186 ) (272 -1024 186 ) 
4 109 146 (0 -1104 416 ) (0 -1104 186 ) (0 -1140 186 ) (0 -1140 416 ) 
4 109 144 (0 -1140 539.405029 ) (0 -1104 539.405029 ) (0 -1104 416 ) (0 -1140 416 ) 
4 109 116 (1024 -1104 186 ) (1024 -1140 186 ) (0 -1140 186 ) (0 -1104 186 ) 
4 110 113 (272 -1055 96 ) (272 -1024 96 ) (320 -1024 96 ) (320 -1055 96 ) 
4 110 114 (320 -1056 96 ) (272 -1056 96 ) (272 -1055 96 ) (320 -1055 96 ) 
4 110 112 (1024 -1056 96 ) (320 -1056 96 ) (320 -1024 96 ) (1024 -1024 96 ) 
4 110 111 (272 -1024 96 ) (272 -1056 96 ) (272 -1056 186 ) (272 -1024 186 ) 
4 111 148 (0 -1056 186 ) (0 -1024 186 ) (0 -1024 96 ) (0 -1056 96 ) 
4 111 113 (0 -1055 96 ) (0 -1024 96 ) (272 -1024 96 ) (272 -1055 96 ) 
4 111 114 (272 -1056 96 ) (0 -1056 96 ) (0 -1055 96 ) (272 -1055 96 ) 
4 112 113 (320 -1055 -398 ) (320 -1055 96 ) (320 -1024 96 ) (320 -1024 -398 ) 
4 112 114 (320 -1055 -416 ) (320 -1056 -416 ) (320 -1056 96 ) (320 -1055 96 ) 
4 113 150 (0 -1024 96 ) (0 -1024 -398 ) (0 -1055 -398 ) (0 -1055 96 ) 
4 113 114 (320 -1055 -398 ) (320 -1055 96 ) (0 -1055 96 ) (0 -1055 -398 ) 
4 114 151 (0 -1055 -416 ) (0 -1056 -416 ) (0 -1056 96 ) (0 -1055 96 ) 
4 115 156 (0 -1056 -464 ) (0 -1104 -464 ) (0 -1104 -416 ) (0 -1056 -416 ) 
4 115 117 (0 -1104 -464 ) (0 -1056 -464 ) (592 -1056 -464 ) (592 -1104 -464 ) 
4 115 116 (0 -1104 -464 ) (592 -1104 -464 ) (592 -1104 -416 ) (0 -1104 -416 ) 
4 116 158 (0 -1140 186 ) (0 -1104 186 ) (0 -1104 -464 ) (0 -1140 -464 ) 
4 116 117 (0 -1140 -464 ) (0 -1104 -464 ) (1024 -1104 -464 ) (1024 -1140 -464 ) 
4 117 158 (0 -1140 -464 ) (0 -1104 -464 ) (0 -1104 -545.405029 ) (0 -1140 -545.405029 ) 
4 117 156 (0 -1104 -464 ) (0 -1056 -464 ) (0 -1056 -545.405029 ) (0 -1104 -545.405029 ) 
4 117 153 (0 -1056 -464 ) (0 -1024 -464 ) (0 -1024 -545.405029 ) (0 -1056 -545.405029 ) 
4 118 143 (0 -1024 464 ) (0 -1024 539.405029 ) (-960 -1024 539.405029 ) (-960 -1024 464 ) 
4 118 119 (-960 -1024 464 ) (-960 -1024 539.405029 ) (-960 0 539.405029 ) (-960 0 464 ) 
4 119 147 (-960 -1024 539.405029 ) (-1020 -1024 539.405029 ) (-1020 -1024 416 ) (-960 -1024 416 ) 
4 119 121 (-1020 0 416 ) (-960 0 416 ) (-960 -1024 416 ) (-1020 -1024 416 ) 
4 120 145 (0 -1024 186 ) (0 -1024 416 ) (-912 -1024 416 ) (-912 -1024 186 ) 
4 120 123 (0 -1024 186 ) (-66 -1024 186 ) (-66 -750 186 ) (0 -750 186 ) 
4 120 122 (-66 -750 186 ) (-66 0 186 ) (0 0 186 ) (0 -750 186 ) 
4 120 124 (-66 -1024 186 ) (-912 -1024 186 ) (-912 0 186 ) (-66 0 186 ) 
4 121 147 (-960 -1024 416 ) (-1020 -1024 416 ) (-1020 -1024 186 ) (-960 -1024 186 ) 
4 121 128 (-960 -1024 186 ) (-1020 -1024 186 ) (-1020 0 186 ) (-960 0 186 ) 
4 122 125 (-66 -448 96 ) (-66 0 96 ) (0 0 96 ) (0 -448 96 ) 
4 122 127 (-66 -750 96 ) (-66 -496 96 ) (0 -496 96 ) (0 -750 96 ) 
4 122 124 (-66 0 96 ) (-66 -750 96 ) (-66 -750 186 ) (-66 0 186 ) 
4 122 123 (-66 -750 186 ) (-66 -750 96 ) (0 -750 96 ) (0 -750 186 ) 
4 123 148 (0 -1024 96 ) (0 -1024 186 ) (-66 -1024 186 ) (-66 -1024 96 ) 
4 123 127 (0 -1024 96 ) (-66 -1024 96 ) (-66 -750 96 ) (0 -750 96 ) 
4 123 124 (-66 -750 96 ) (-66 -1024 96 ) (-66 -1024 186 ) (-66 -750 186 ) 
4 124 152 (-128 -1024 186 ) (-912 -1024 186 ) (-912 -1024 96 ) (-128 -1024 96 ) 
4 124 149 (-66 -1024 186 ) (-128 -1024 186 ) (-128 -1024 96 ) (-66 -1024 96 ) 
4 124 125 (-912 -448 96 ) (-912 0 96 ) (-66 0 96 ) (-66 -448 96 ) 
4 124 127 (-66 -1024 96 ) (-912 -1024 96 ) (-912 -496 96 ) (-66 -496 96 ) 
4 125 131 (-912 0 -398 ) (-32 0 -398 ) (-32 -448 -398 ) (-912 -448 -398 ) 
4 125 129 (-32 0 -398 ) (0 0 -398 ) (0 -448 -398 ) (-32 -448 -398 ) 
4 125 126 (-912 -448 80 ) (-912 -448 -398 ) (0 -448 -398 ) (0 -448 80 ) 
4 126 131 (-32 -496 -398 ) (-912 -496 -398 ) (-912 -448 -398 ) (-32 -448 -398 ) 
4 126 130 (0 -478 -398 ) (0 -496 -398 ) (-32 -496 -398 ) (-32 -478 -398 ) 
4 126 129 (0 -448 -398 ) (0 -478 -398 ) (-32 -478 -398 ) (-32 -448 -398 ) 
4 126 127 (-912 -496 80 ) (-912 -496 -398 ) (0 -496 -398 ) (0 -496 80 ) 
4 127 152 (-128 -1024 96 ) (-912 -1024 96 ) (-912 -1024 -398 ) (-128 -1024 -398 ) 
4 127 150 (0 -1024 -398 ) (0 -1024 96 ) (-128 -1024 96 ) (-128 -1024 -398 ) 
4 127 140 (-128 -1024 -398 ) (-912 -1024 -398 ) (-912 -912 -398 ) (-128 -912 -398 ) 
4 127 139 (0 -608 -398 ) (0 -912 -398 ) (-912 -912 -398 ) (-912 -608 -398 ) 
4 127 138 (-499 -608 -398 ) (-912 -608 -398 ) (-912 -544 -398 ) (-499 -544 -398 ) 
4 127 137 (-339 -608 -398 ) (-499 -608 -398 ) (-499 -544 -398 ) (-339 -544 -398 ) 
4 127 136 (-173 -608 -398 ) (-339 -608 -398 ) (-339 -544 -398 ) (-173 -544 -398 ) 
4 127 135 (-13 -608 -398 ) (-173 -608 -398 ) (-173 -544 -398 ) (-13 -544 -398 ) 
4 127 134 (0 -544 -398 ) (0 -608 -398 ) (-13 -608 -398 ) (-13 -544 -398 ) 
4 127 131 (-32 -544 -398 ) (-912 -544 -398 ) (-912 -496 -398 ) (-32 -496 -398 ) 
4 127 130 (0 -496 -398 ) (0 -544 -398 ) (-32 -544 -398 ) (-32 -496 -398 ) 
4 128 155 (-960 -1024 186 ) (-1020 -1024 186 ) (-1020 -1024 -398 ) (-960 -1024 -398 ) 
4 128 141 (-960 -544 -398 ) (-960 -1024 -398 ) (-1020 -1024 -398 ) (-1020 -544 -398 ) 
4 128 132 (-1020 0 -398 ) (-960 0 -398 ) (-960 -544 -398 ) (-1020 -544 -398 ) 
4 129 131 (-32 0 -416 ) (-32 -478 -416 ) (-32 -478 -398 ) (-32 0 -398 ) 
4 129 130 (-32 -478 -398 ) (-32 -478 -416 ) (0 -478 -416 ) (0 -478 -398 ) 
4 130 135 (-13 -544 -398 ) (-32 -544 -398 ) (-32 -544 -400 ) (-13 -544 -400 ) 
4 130 134 (0 -544 -416 ) (0 -544 -398 ) (-13 -544 -398 ) (-13 -544 -416 ) 
4 130 131 (-32 -478 -416 ) (-32 -544 -416 ) (-32 -544 -398 ) (-32 -478 -398 ) 
4 131 138 (-499 -544 -398 ) (-912 -544 -398 ) (-912 -544 -416 ) (-499 -544 -416 ) 
4 131 137 (-339 -544 -398 ) (-499 -544 -398 ) (-499 -544 -400 ) (-339 -544 -400 ) 
4 131 136 (-173 -544 -398 ) (-339 -544 -398 ) (-339 -544 -416 ) (-173 -544 -416 ) 
4 131 135 (-32 -544 -398 ) (-173 -544 -398 ) (-173 -544 -400 ) (-32 -544 -400 ) 
4 132 141 (-960 -544 -398 ) (-1020 -544 -398 ) (-1020 -544 -416 ) (-960 -544 -416 ) 
4 132 133 (-960 -544 -416 ) (-1020 -544 -416 ) (-1020 0 -416 ) (-960 0 -416 ) 
4 133 142 (-1020 0 -464 ) (-960 0 -464 ) (-960 -544 -464 ) (-1020 -544 -464 ) 
4 133 141 (-1020 -544 -464 ) (-960 -544 -464 ) (-960 -544 -416 ) (-1020 -544 -416 ) 
4 134 139 (0 -608 -416 ) (0 -608 -398 ) (-13 -608 -398 ) (-13 -608 -416 ) 
4 134 135 (-13 -544 -398 ) (-13 -544 -400 ) (-13 -608 -400 ) (-13 -608 -398 ) 
4 135 139 (-13 -608 -400 ) (-13 -608 -398 ) (-173 -608 -398 ) (-173 -608 -400 ) 
4 135 136 (-173 -544 -398 ) (-173 -544 -400 ) (-173 -608 -400 ) (-173 -608 -398 ) 
4 136 139 (-173 -608 -416 ) (-173 -608 -398 ) (-339 -608 -398 ) (-339 -608 -416 ) 
4 136 137 (-339 -544 -398 ) (-339 -544 -400 ) (-339 -608 -400 ) (-339 -608 -398 ) 
4 137 139 (-339 -608 -400 ) (-339 -608 -398 ) (-499 -608 -398 ) (-499 -608 -400 ) 
4 137 138 (-499 -544 -398 ) (-499 -544 -400 ) (-499 -608 -400 ) (-499 -608 -398 ) 
4 138 139 (-912 -608 -398 ) (-912 -608 -416 ) (-499 -608 -416 ) (-499 -608 -398 ) 
4 139 140 (-912 -912 -398 ) (-912 -912 -416 ) (-128 -912 -416 ) (-128 -912 -398 ) 
4 140 152 (-128 -1024 -398 ) (-912 -1024 -398 ) (-912 -1024 -416 ) (-128 -1024 -416 ) 
4 141 155 (-960 -1024 -398 ) (-1020 -1024 -398 ) (-1020 -1024 -464 ) (-960 -1024 -464 ) 
4 141 142 (-960 -1024 -464 ) (-1020 -1024 -464 ) (-1020 -544 -464 ) (-960 -544 -464 ) 
4 142 155 (-960 -1024 -464 ) (-1020 -1024 -464 ) (-1020 -1024 -545.405029 ) (-960 -1024 -545.405029 ) 
4 142 154 (-912 -1024 -464 ) (-960 -1024 -464 ) (-960 -1024 -545.405029 ) (-912 -1024 -545.405029 ) 
4 142 153 (0 -1024 -545.405029 ) (0 -1024 -464 ) (-912 -1024 -464 ) (-912 -1024 -545.405029 ) 
4 143 147 (-960 -1104 539.405029 ) (-960 -1024 539.405029 ) (-960 -1024 464 ) (-960 -1104 464 ) 
4 143 144 (-960 -1104 539.405029 ) (-960 -1104 464 ) (0 -1104 464 ) (0 -1104 539.405029 ) 
4 144 147 (-960 -1140 539.405029 ) (-960 -1104 539.405029 ) (-960 -1104 416 ) (-960 -1140 416 ) 
4 144 146 (-960 -1140 416 ) (-960 -1104 416 ) (0 -1104 416 ) (0 -1140 416 ) 
4 145 152 (-912 -1024 186 ) (-128 -1024 186 ) (-128 -1056 186 ) (-912 -1056 186 ) 
4 145 149 (-128 -1024 186 ) (-66 -1024 186 ) (-66 -1056 186 ) (-128 -1056 186 ) 
4 145 148 (-66 -1024 186 ) (0 -1024 186 ) (0 -1056 186 ) (-66 -1056 186 ) 
4 146 158 (0 -1104 186 ) (0 -1140 186 ) (-960 -1140 186 ) (-960 -1104 186 ) 
4 146 147 (-960 -1104 186 ) (-960 -1140 186 ) (-960 -1140 416 ) (-960 -1104 416 ) 
4 147 158 (-960 -1104 186 ) (-960 -1140 186 ) (-1020 -1140 186 ) (-1020 -1104 186 ) 
4 147 157 (-960 -1056 186 ) (-960 -1104 186 ) (-1020 -1104 186 ) (-1020 -1056 186 ) 
4 147 155 (-1020 -1024 186 ) (-960 -1024 186 ) (-960 -1056 186 ) (-1020 -1056 186 ) 
4 148 151 (0 -1056 96 ) (-66 -1056 96 ) (-66 -1055 96 ) (0 -1055 96 ) 
4 148 150 (-66 -1055 96 ) (-66 -1024 96 ) (0 -1024 96 ) (0 -1055 96 ) 
4 148 149 (-66 -1024 96 ) (-66 -1056 96 ) (-66 -1056 186 ) (-66 -1024 186 ) 
4 149 152 (-128 -1056 96 ) (-128 -1056 186 ) (-128 -1024 186 ) (-128 -1024 96 ) 
4 149 151 (-66 -1056 96 ) (-128 -1056 96 ) (-128 -1055 96 ) (-66 -1055 96 ) 
4 149 150 (-128 -1055 96 ) (-128 -1024 96 ) (-66 -1024 96 ) (-66 -1055 96 ) 
4 150 152 (-128 -1055 -398 ) (-128 -1055 96 ) (-128 -1024 96 ) (-128 -1024 -398 ) 
4 150 151 (0 -1055 96 ) (-128 -1055 96 ) (-128 -1055 -398 ) (0 -1055 -398 ) 
4 151 152 (-128 -1056 -416 ) (-128 -1056 96 ) (-128 -1055 96 ) (-128 -1055 -416 ) 
4 153 156 (0 -1056 -545.405029 ) (0 -1056 -464 ) (-912 -1056 -464 ) (-912 -1056 -545.405029 ) 
4 153 154 (-912 -1056 -545.405029 ) (-912 -1056 -464 ) (-912 -1024 -464 ) (-912 -1024 -545.405029 ) 
4 154 156 (-912 -1056 -545.405029 ) (-912 -1056 -464 ) (-960 -1056 -464 ) (-960 -1056 -545.405029 ) 
4 154 155 (-960 -1056 -545.405029 ) (-960 -1056 -464 ) (-960 -1024 -464 ) (-960 -1024 -545.405029 ) 
4 155 157 (-960 -1056 -545.405029 ) (-960 -1056 186 ) (-1020 -1056 186 ) (-1020 -1056 -545.405029 ) 
4 156 158 (-960 -1104 -545.405029 ) (0 -1104 -545.405029 ) (0 -1104 -416 ) (-960 -1104 -416 ) 
4 156 157 (-960 -1056 -416 ) (-960 -1056 -545.405029 ) (-960 -1104 -545.405029 ) (-960 -1104 -416 ) 
4 157 158 (-1020 -1104 186 ) (-1020 -1104 -545.405029 ) (-960 -1104 -545.405029 ) (-960 -1104 186 ) 
